2026-02-10 10:20:13,334 - __main__ - INFO - ==================================================
2026-02-10 10:20:13,335 - __main__ - INFO - Iniciando Sistema de Gestión de Inventario
2026-02-10 10:20:13,335 - __main__ - INFO - ==================================================
2026-02-10 10:20:13,335 - __main__ - INFO - Inicializando controlador de la aplicación...
2026-02-10 10:20:13,336 - __main__ - INFO - Iniciando interfaz de usuario...
2026-02-10 10:20:13,336 - inventory_controller - INFO - Starting inventory application
2026-02-10 10:20:49,639 - inventory_controller - INFO - Application shutdown complete
2026-02-10 10:20:49,639 - __main__ - INFO - Application shutdown complete
2026-02-10 10:21:39,819 - __main__ - INFO - ==================================================
2026-02-10 10:21:39,819 - __main__ - INFO - Iniciando Sistema de Gestión de Inventario
2026-02-10 10:21:39,819 - __main__ - INFO - ==================================================
2026-02-10 10:21:39,820 - __main__ - INFO - Inicializando controlador de la aplicación...
2026-02-10 10:21:39,820 - __main__ - INFO - Iniciando interfaz de usuario...
2026-02-10 10:21:39,820 - inventory_controller - INFO - Starting inventory application
2026-02-10 10:32:11,221 - inventory_controller - ERROR - Failed to start application: can't invoke "grab" command: application has been destroyed
2026-02-10 10:32:11,221 - root - CRITICAL - Critical error during startup: Error inesperado: can't invoke "grab" command: application has been destroyed
2026-02-10 10:32:11,232 - root - CRITICAL - Traceback: Traceback (most recent call last):
  File "/home/marvin/workspace/python/inventario_py/main_improved.py", line 64, in main
    controller.start_application()
    ~~~~~~~~~~~~~~~~~~~~~~~~~~~~^^
  File "/home/marvin/workspace/python/inventario_py/inventory_controller.py", line 37, in start_application
    self.ui = InventarioUI(controller=self)
              ~~~~~~~~~~~~^^^^^^^^^^^^^^^^^
  File "/home/marvin/workspace/python/inventario_py/inventory_ui.py", line 22, in __init__
    self.verificar_alertas_inicio()
    ~~~~~~~~~~~~~~~~~~~~~~~~~~~~~^^
  File "/home/marvin/workspace/python/inventario_py/inventory_ui.py", line 455, in verificar_alertas_inicio
    messagebox.showwarning("Alertas de Inventario", mensaje)
    ~~~~~~~~~~~~~~~~~~~~~~^^^^^^^^^^^^^^^^^^^^^^^^^^^^^^^^^^
  File "/usr/lib/python3.14/tkinter/messagebox.py", line 93, in showwarning
    return _show(title, message, WARNING, OK, **options)
  File "/usr/lib/python3.14/tkinter/messagebox.py", line 76, in _show
    res = Message(**options).show()
  File "/usr/lib/python3.14/tkinter/commondialog.py", line 45, in show
    s = master.tk.call(self.command, *master._options(self.options))
_tkinter.TclError: can't invoke "grab" command: application has been destroyed

2026-02-10 10:32:11,232 - inventory_controller - INFO - Application shutdown complete
2026-02-10 10:32:11,232 - __main__ - INFO - Application shutdown complete
2026-02-10 10:44:43,711 - __main__ - INFO - ==================================================
2026-02-10 10:44:43,712 - __main__ - INFO - Iniciando Sistema de Gestión de Inventario
2026-02-10 10:44:43,712 - __main__ - INFO - ==================================================
2026-02-10 10:44:43,712 - __main__ - INFO - Inicializando controlador de la aplicación...
2026-02-10 10:44:43,713 - __main__ - INFO - Iniciando interfaz de usuario...
2026-02-10 10:44:43,713 - inventory_controller - INFO - Starting inventory application
2026-02-10 10:46:40,103 - __main__ - INFO - ==================================================
2026-02-10 10:46:40,103 - __main__ - INFO - Iniciando Sistema de Gestión de Inventario
2026-02-10 10:46:40,104 - __main__ - INFO - ==================================================
2026-02-10 10:46:40,104 - __main__ - INFO - Inicializando controlador de la aplicación...
2026-02-10 10:46:40,104 - __main__ - INFO - Iniciando interfaz de usuario...
2026-02-10 10:46:40,104 - inventory_controller - INFO - Starting inventory application
2026-02-10 10:47:28,536 - inventory_controller - INFO - Application shutdown complete
2026-02-10 10:47:28,541 - __main__ - INFO - Application shutdown complete
2026-02-10 11:02:34,421 - __main__ - INFO - ==================================================
2026-02-10 11:02:34,421 - __main__ - INFO - Iniciando Sistema de Gestión de Inventario
2026-02-10 11:02:34,421 - __main__ - INFO - ==================================================
2026-02-10 11:02:34,421 - __main__ - INFO - Inicializando controlador de la aplicación...
2026-02-10 11:02:34,422 - __main__ - INFO - Iniciando interfaz de usuario...
2026-02-10 11:02:34,422 - inventory_controller - INFO - Starting inventory application
2026-02-10 11:05:17,291 - inventory_controller - INFO - Application shutdown complete
2026-02-10 11:05:17,291 - __main__ - INFO - Application shutdown complete
2026-02-10 11:06:25,002 - __main__ - INFO - ==================================================
2026-02-10 11:06:25,003 - __main__ - INFO - Iniciando Sistema de Gestión de Inventario
2026-02-10 11:06:25,003 - __main__ - INFO - ==================================================
2026-02-10 11:06:25,003 - __main__ - INFO - Inicializando controlador de la aplicación...
2026-02-10 11:06:25,004 - __main__ - INFO - Iniciando interfaz de usuario...
2026-02-10 11:06:25,004 - inventory_controller - INFO - Starting inventory application
2026-02-10 11:07:03,955 - inventory_controller - INFO - Application shutdown complete
2026-02-10 11:07:03,955 - __main__ - INFO - Application shutdown complete
2026-02-10 11:25:55,679 - __main__ - INFO - ==================================================
2026-02-10 11:25:55,679 - __main__ - INFO - Iniciando Sistema de Gestión de Inventario
2026-02-10 11:25:55,679 - __main__ - INFO - ==================================================
2026-02-10 11:25:55,680 - __main__ - INFO - Inicializando controlador de la aplicación...
2026-02-10 11:25:55,681 - __main__ - INFO - Iniciando interfaz de usuario...
2026-02-10 11:25:55,681 - inventory_controller - INFO - Starting inventory application
2026-02-10 11:37:07,023 - __main__ - INFO - ==================================================
2026-02-10 11:37:07,023 - __main__ - INFO - Iniciando Sistema de Gestión de Inventario
2026-02-10 11:37:07,023 - __main__ - INFO - ==================================================
2026-02-10 11:37:07,023 - __main__ - INFO - Inicializando controlador de la aplicación...
2026-02-10 11:37:07,024 - __main__ - INFO - Iniciando interfaz de usuario...
2026-02-10 11:37:07,024 - inventory_controller - INFO - Starting inventory application
2026-02-10 11:37:21,917 - inventory_controller - INFO - Application shutdown complete
2026-02-10 11:37:21,918 - __main__ - INFO - Application shutdown complete
2026-02-10 11:54:18,444 - __main__ - INFO - ==================================================
2026-02-10 11:54:18,445 - __main__ - INFO - Iniciando Sistema de Gestión de Inventario
2026-02-10 11:54:18,445 - __main__ - INFO - ==================================================
2026-02-10 11:54:18,445 - __main__ - INFO - Inicializando controlador de la aplicación...
2026-02-10 11:54:18,446 - __main__ - INFO - Iniciando interfaz de usuario...
2026-02-10 11:54:18,446 - inventory_controller - INFO - Starting inventory application
2026-02-10 12:03:10,427 - __main__ - INFO - ==================================================
2026-02-10 12:03:10,427 - __main__ - INFO - Iniciando Sistema de Gestión de Inventario
2026-02-10 12:03:10,428 - __main__ - INFO - ==================================================
2026-02-10 12:03:10,428 - __main__ - INFO - Inicializando controlador de la aplicación...
2026-02-10 12:03:10,428 - __main__ - INFO - Iniciando interfaz de usuario...
2026-02-10 12:03:10,429 - inventory_controller - INFO - Starting inventory application
2026-02-10 12:03:32,320 - inventory_controller - ERROR - Failed to start application: can't invoke "grab" command: application has been destroyed
2026-02-10 12:03:32,321 - root - CRITICAL - Critical error during startup: Error inesperado: can't invoke "grab" command: application has been destroyed
2026-02-10 12:03:32,335 - root - CRITICAL - Traceback: Traceback (most recent call last):
  File "/home/marvin/workspace/python/inventario_py/main_improved.py", line 64, in main
    controller.start_application()
    ~~~~~~~~~~~~~~~~~~~~~~~~~~~~^^
  File "/home/marvin/workspace/python/inventario_py/inventory_controller.py", line 37, in start_application
    self.ui = InventarioUI(controller=self)
              ~~~~~~~~~~~~^^^^^^^^^^^^^^^^^
  File "/home/marvin/workspace/python/inventario_py/inventory_ui.py", line 35, in __init__
    self.verificar_alertas_inicio()
    ~~~~~~~~~~~~~~~~~~~~~~~~~~~~~^^
  File "/home/marvin/workspace/python/inventario_py/inventory_ui.py", line 555, in verificar_alertas_inicio
    messagebox.showinfo("Sistema de Inventario",
    ~~~~~~~~~~~~~~~~~~~^^^^^^^^^^^^^^^^^^^^^^^^^
                      f"✅ Sistema iniciado correctamente\n\n"
                      ^^^^^^^^^^^^^^^^^^^^^^^^^^^^^^^^^^^^^^^^
                      f"📦 {stats['total_productos']} productos en inventario\n"
                      ^^^^^^^^^^^^^^^^^^^^^^^^^^^^^^^^^^^^^^^^^^^^^^^^^^^^^^^^^^
                      f"💰 Valor total: ${stats['valor_total']:,.2f}\n"
                      ^^^^^^^^^^^^^^^^^^^^^^^^^^^^^^^^^^^^^^^^^^^^^^^^^
                      f"🎯 Todas las existencias están en niveles óptimos")
                      ^^^^^^^^^^^^^^^^^^^^^^^^^^^^^^^^^^^^^^^^^^^^^^^^^^^^^
  File "/usr/lib/python3.14/tkinter/messagebox.py", line 88, in showinfo
    return _show(title, message, INFO, OK, **options)
  File "/usr/lib/python3.14/tkinter/messagebox.py", line 76, in _show
    res = Message(**options).show()
  File "/usr/lib/python3.14/tkinter/commondialog.py", line 45, in show
    s = master.tk.call(self.command, *master._options(self.options))
_tkinter.TclError: can't invoke "grab" command: application has been destroyed

2026-02-10 12:03:32,335 - inventory_controller - INFO - Application shutdown complete
2026-02-10 12:03:32,336 - __main__ - INFO - Application shutdown complete
2026-02-10 13:10:19,425 - __main__ - INFO - ==================================================
2026-02-10 13:10:19,425 - __main__ - INFO - Iniciando Sistema de Gestión de Inventario
2026-02-10 13:10:19,425 - __main__ - INFO - ==================================================
2026-02-10 13:10:19,425 - __main__ - INFO - Inicializando controlador de la aplicación...
2026-02-10 13:10:19,426 - __main__ - INFO - Iniciando interfaz de usuario...
2026-02-10 13:10:19,426 - inventory_controller - INFO - Starting inventory application
2026-02-10 13:11:21,534 - __main__ - INFO - ==================================================
2026-02-10 13:11:21,535 - __main__ - INFO - Iniciando Sistema de Gestión de Inventario
2026-02-10 13:11:21,535 - __main__ - INFO - ==================================================
2026-02-10 13:11:21,535 - __main__ - INFO - Inicializando controlador de la aplicación...
2026-02-10 13:11:21,536 - __main__ - INFO - Iniciando interfaz de usuario...
2026-02-10 13:11:21,536 - inventory_controller - INFO - Starting inventory application
2026-02-10 13:12:08,988 - inventory_controller - INFO - Application shutdown complete
2026-02-10 13:12:08,989 - __main__ - INFO - Application shutdown complete
2026-02-10 13:12:11,630 - __main__ - INFO - ==================================================
2026-02-10 13:12:11,630 - __main__ - INFO - Iniciando Sistema de Gestión de Inventario
2026-02-10 13:12:11,630 - __main__ - INFO - ==================================================
2026-02-10 13:12:11,630 - __main__ - INFO - Inicializando controlador de la aplicación...
2026-02-10 13:12:11,631 - __main__ - INFO - Iniciando interfaz de usuario...
2026-02-10 13:12:11,631 - inventory_controller - INFO - Starting inventory application
2026-02-10 13:13:37,917 - inventory_controller - INFO - Application shutdown complete
2026-02-10 13:13:37,918 - __main__ - INFO - Application shutdown complete
2026-02-10 13:18:25,787 - __main__ - INFO - ==================================================
2026-02-10 13:18:25,787 - __main__ - INFO - Iniciando Sistema de Gestión de Inventario
2026-02-10 13:18:25,787 - __main__ - INFO - ==================================================
2026-02-10 13:18:25,787 - __main__ - INFO - Inicializando controlador de la aplicación...
2026-02-10 13:18:25,788 - __main__ - INFO - Iniciando interfaz de usuario...
2026-02-10 13:18:25,788 - inventory_controller - INFO - Starting inventory application
2026-02-10 13:20:22,441 - __main__ - INFO - ==================================================
2026-02-10 13:20:22,442 - __main__ - INFO - Iniciando Sistema de Gestión de Inventario
2026-02-10 13:20:22,442 - __main__ - INFO - ==================================================
2026-02-10 13:20:22,442 - __main__ - INFO - Inicializando controlador de la aplicación...
2026-02-10 13:20:22,443 - __main__ - INFO - Iniciando interfaz de usuario...
2026-02-10 13:20:22,443 - inventory_controller - INFO - Starting inventory application
2026-02-10 13:21:39,395 - __main__ - INFO - ==================================================
2026-02-10 13:21:39,396 - __main__ - INFO - Iniciando Sistema de Gestión de Inventario
2026-02-10 13:21:39,396 - __main__ - INFO - ==================================================
2026-02-10 13:21:39,396 - __main__ - INFO - Inicializando controlador de la aplicación...
2026-02-10 13:21:39,397 - __main__ - INFO - Iniciando interfaz de usuario...
2026-02-10 13:21:39,397 - inventory_controller - INFO - Starting inventory application
2026-02-10 13:23:41,607 - inventory_controller - INFO - Application shutdown complete
2026-02-10 13:23:41,608 - __main__ - INFO - Application shutdown complete
